# JRE version: OpenJDK Runtime Environment Temurin-17.0.10+7 (17.0.10+7) (build 17.0.10+7)
# Java VM: OpenJDK 64-Bit Server VM Temurin-17.0.10+7 (17.0.10+7, mixed mode, tiered, compressed oops, compressed class ptrs, parallel gc, windows-amd64)
GC Precious Log:
 CPUs: 8 total, 8 available
 Memory: 16110M
 Large Page Support: Disabled
 NUMA Support: Disabled
 Compressed Oops: Enabled (32-bit)
 Alignments: Space 512K, Generation 512K, Heap 2M
 Heap Min Capacity: 100M
 Heap Initial Capacity: 100M
 Heap Max Capacity: 1G
 Pre-touch: Disabled
 Parallel Workers: 8
Heap:
 PSYoungGen      total 7680K, used 7085K [0x00000000eab00000, 0x00000000eb800000, 0x0000000100000000)
  eden space 5120K, 91% used [0x00000000eab00000,0x00000000eaf990f0,0x00000000eb000000)
  from space 2560K, 92% used [0x00000000eb300000,0x00000000eb552368,0x00000000eb580000)
  to   space 2560K, 0% used [0x00000000eb580000,0x00000000eb580000,0x00000000eb800000)
 ParOldGen       total 210432K, used 186671K [0x00000000c0000000, 0x00000000ccd80000, 0x00000000eab00000)
  object space 210432K, 88% used [0x00000000c0000000,0x00000000cb64bdc8,0x00000000ccd80000)
 Metaspace       used 67859K, committed 68928K, reserved 1114112K
  class space    used 6987K, committed 7424K, reserved 1048576K
GC Heap History (20 events):
Event: 31.637 GC heap before
{Heap before GC invocations=316 (full 16):
 PSYoungGen      total 10240K, used 10214K [0x00000000eab00000, 0x00000000ec580000, 0x0000000100000000)
  eden space 5120K, 100% used [0x00000000eab00000,0x00000000eb000000,0x00000000eb000000)
  from space 5120K, 99% used [0x00000000eb000000,0x00000000eb4f9810,0x00000000eb500000)
  to   space 10752K, 0% used [0x00000000ebb00000,0x00000000ebb00000,0x00000000ec580000)
 ParOldGen       total 343552K, used 321922K [0x00000000c0000000, 0x00000000d4f80000, 0x00000000eab00000)
  object space 343552K, 93% used [0x00000000c0000000,0x00000000d3a60bd8,0x00000000d4f80000)
 Metaspace       used 67600K, committed 68672K, reserved 1114112K
  class space    used 6975K, committed 7424K, reserved 1048576K
}
Event: 31.648 GC heap after
{Heap after GC invocations=316 (full 16):
 PSYoungGen      total 10240K, used 4226K [0x00000000eab00000, 0x00000000ebf80000, 0x0000000100000000)
  eden space 5632K, 0% used [0x00000000eab00000,0x00000000eab00000,0x00000000eb080000)
  from space 4608K, 91% used [0x00000000ebb00000,0x00000000ebf20958,0x00000000ebf80000)
  to   space 6656K, 0% used [0x00000000eb280000,0x00000000eb280000,0x00000000eb900000)
 ParOldGen       total 343552K, used 327063K [0x00000000c0000000, 0x00000000d4f80000, 0x00000000eab00000)
  object space 343552K, 95% used [0x00000000c0000000,0x00000000d3f65c00,0x00000000d4f80000)
 Metaspace       used 67600K, committed 68672K, reserved 1114112K
  class space    used 6975K, committed 7424K, reserved 1048576K
}
Event: 31.761 GC heap before
{Heap before GC invocations=317 (full 16):
 PSYoungGen      total 10240K, used 9560K [0x00000000eab00000, 0x00000000ebf80000, 0x0000000100000000)
  eden space 5632K, 94% used [0x00000000eab00000,0x00000000eb035978,0x00000000eb080000)
  from space 4608K, 91% used [0x00000000ebb00000,0x00000000ebf20958,0x00000000ebf80000)
  to   space 6656K, 0% used [0x00000000eb280000,0x00000000eb280000,0x00000000eb900000)
 ParOldGen       total 343552K, used 327063K [0x00000000c0000000, 0x00000000d4f80000, 0x00000000eab00000)
  object space 343552K, 95% used [0x00000000c0000000,0x00000000d3f65c00,0x00000000d4f80000)
 Metaspace       used 67631K, committed 68672K, reserved 1114112K
  class space    used 6975K, committed 7424K, reserved 1048576K
}
Event: 31.769 GC heap after
{Heap after GC invocations=317 (full 16):
 PSYoungGen      total 13312K, used 6646K [0x00000000eab00000, 0x00000000ec380000, 0x0000000100000000)
  eden space 6656K, 0% used [0x00000000eab00000,0x00000000eab00000,0x00000000eb180000)
  from space 6656K, 99% used [0x00000000eb280000,0x00000000eb8fd868,0x00000000eb900000)
  to   space 9216K, 0% used [0x00000000eba80000,0x00000000eba80000,0x00000000ec380000)
 ParOldGen       total 343552K, used 328543K [0x00000000c0000000, 0x00000000d4f80000, 0x00000000eab00000)
  object space 343552K, 95% used [0x00000000c0000000,0x00000000d40d7c00,0x00000000d4f80000)
 Metaspace       used 67631K, committed 68672K, reserved 1114112K
  class space    used 6975K, committed 7424K, reserved 1048576K
}
Event: 31.953 GC heap before
{Heap before GC invocations=318 (full 16):
 PSYoungGen      total 13312K, used 13302K [0x00000000eab00000, 0x00000000ec380000, 0x0000000100000000)
  eden space 6656K, 100% used [0x00000000eab00000,0x00000000eb180000,0x00000000eb180000)
  from space 6656K, 99% used [0x00000000eb280000,0x00000000eb8fd868,0x00000000eb900000)
  to   space 9216K, 0% used [0x00000000eba80000,0x00000000eba80000,0x00000000ec380000)
 ParOldGen       total 343552K, used 328543K [0x00000000c0000000, 0x00000000d4f80000, 0x00000000eab00000)
  object space 343552K, 95% used [0x00000000c0000000,0x00000000d40d7c00,0x00000000d4f80000)
 Metaspace       used 67652K, committed 68736K, reserved 1114112K
  class space    used 6975K, committed 7424K, reserved 1048576K
}
Event: 31.965 GC heap after
{Heap after GC invocations=318 (full 16):
 PSYoungGen      total 13312K, used 5594K [0x00000000eab00000, 0x00000000ec000000, 0x0000000100000000)
  eden space 7680K, 0% used [0x00000000eab00000,0x00000000eab00000,0x00000000eb280000)
  from space 5632K, 99% used [0x00000000eba80000,0x00000000ebff6bd8,0x00000000ec000000)
  to   space 6656K, 0% used [0x00000000eb300000,0x00000000eb300000,0x00000000eb980000)
 ParOldGen       total 343552K, used 334961K [0x00000000c0000000, 0x00000000d4f80000, 0x00000000eab00000)
  object space 343552K, 97% used [0x00000000c0000000,0x00000000d471c798,0x00000000d4f80000)
 Metaspace       used 67652K, committed 68736K, reserved 1114112K
  class space    used 6975K, committed 7424K, reserved 1048576K
}
Event: 34.855 GC heap before
{Heap before GC invocations=319 (full 16):
 PSYoungGen      total 13312K, used 13274K [0x00000000eab00000, 0x00000000ec000000, 0x0000000100000000)
  eden space 7680K, 100% used [0x00000000eab00000,0x00000000eb280000,0x00000000eb280000)
  from space 5632K, 99% used [0x00000000eba80000,0x00000000ebff6bd8,0x00000000ec000000)
  to   space 6656K, 0% used [0x00000000eb300000,0x00000000eb300000,0x00000000eb980000)
 ParOldGen       total 343552K, used 334961K [0x00000000c0000000, 0x00000000d4f80000, 0x00000000eab00000)
  object space 343552K, 97% used [0x00000000c0000000,0x00000000d471c798,0x00000000d4f80000)
 Metaspace       used 67681K, committed 68736K, reserved 1114112K
  class space    used 6978K, committed 7424K, reserved 1048576K
}
Event: 34.874 GC heap after
{Heap after GC invocations=319 (full 16):
 PSYoungGen      total 14336K, used 6636K [0x00000000eab00000, 0x00000000ec880000, 0x0000000100000000)
  eden space 7680K, 0% used [0x00000000eab00000,0x00000000eab00000,0x00000000eb280000)
  from space 6656K, 99% used [0x00000000eb300000,0x00000000eb97b0c0,0x00000000eb980000)
  to   space 11264K, 0% used [0x00000000ebd80000,0x00000000ebd80000,0x00000000ec880000)
 ParOldGen       total 343552K, used 338305K [0x00000000c0000000, 0x00000000d4f80000, 0x00000000eab00000)
  object space 343552K, 98% used [0x00000000c0000000,0x00000000d4a60760,0x00000000d4f80000)
 Metaspace       used 67681K, committed 68736K, reserved 1114112K
  class space    used 6978K, committed 7424K, reserved 1048576K
}
Event: 34.888 GC heap before
{Heap before GC invocations=320 (full 16):
 PSYoungGen      total 14336K, used 14316K [0x00000000eab00000, 0x00000000ec880000, 0x0000000100000000)
  eden space 7680K, 100% used [0x00000000eab00000,0x00000000eb280000,0x00000000eb280000)
  from space 6656K, 99% used [0x00000000eb300000,0x00000000eb97b0c0,0x00000000eb980000)
  to   space 11264K, 0% used [0x00000000ebd80000,0x00000000ebd80000,0x00000000ec880000)
 ParOldGen       total 343552K, used 338305K [0x00000000c0000000, 0x00000000d4f80000, 0x00000000eab00000)
  object space 343552K, 98% used [0x00000000c0000000,0x00000000d4a60760,0x00000000d4f80000)
 Metaspace       used 67682K, committed 68736K, reserved 1114112K
  class space    used 6978K, committed 7424K, reserved 1048576K
}
Event: 34.903 GC heap after
{Heap after GC invocations=320 (full 16):
 PSYoungGen      total 11264K, used 2560K [0x00000000eab00000, 0x00000000ec000000, 0x0000000100000000)
  eden space 8704K, 0% used [0x00000000eab00000,0x00000000eab00000,0x00000000eb380000)
  from space 2560K, 100% used [0x00000000ebd80000,0x00000000ec000000,0x00000000ec000000)
  to   space 5632K, 0% used [0x00000000eb500000,0x00000000eb500000,0x00000000eba80000)
 ParOldGen       total 345088K, used 345021K [0x00000000c0000000, 0x00000000d5100000, 0x00000000eab00000)
  object space 345088K, 99% used [0x00000000c0000000,0x00000000d50ef470,0x00000000d5100000)
 Metaspace       used 67682K, committed 68736K, reserved 1114112K
  class space    used 6978K, committed 7424K, reserved 1048576K
}
Event: 34.903 GC heap before
{Heap before GC invocations=321 (full 17):
 PSYoungGen      total 11264K, used 2560K [0x00000000eab00000, 0x00000000ec000000, 0x0000000100000000)
  eden space 8704K, 0% used [0x00000000eab00000,0x00000000eab00000,0x00000000eb380000)
  from space 2560K, 100% used [0x00000000ebd80000,0x00000000ec000000,0x00000000ec000000)
  to   space 5632K, 0% used [0x00000000eb500000,0x00000000eb500000,0x00000000eba80000)
 ParOldGen       total 345088K, used 345021K [0x00000000c0000000, 0x00000000d5100000, 0x00000000eab00000)
  object space 345088K, 99% used [0x00000000c0000000,0x00000000d50ef470,0x00000000d5100000)
 Metaspace       used 67682K, committed 68736K, reserved 1114112K
  class space    used 6978K, committed 7424K, reserved 1048576K
}
Event: 35.037 GC heap after
{Heap after GC invocations=321 (full 17):
 PSYoungGen      total 15872K, used 0K [0x00000000eab00000, 0x00000000ec000000, 0x0000000100000000)
  eden space 10240K, 0% used [0x00000000eab00000,0x00000000eab00000,0x00000000eb500000)
  from space 5632K, 0% used [0x00000000eb500000,0x00000000eb500000,0x00000000eba80000)
  to   space 5632K, 0% used [0x00000000eba80000,0x00000000eba80000,0x00000000ec000000)
 ParOldGen       total 210432K, used 174854K [0x00000000c0000000, 0x00000000ccd80000, 0x00000000eab00000)
  object space 210432K, 83% used [0x00000000c0000000,0x00000000caac19b8,0x00000000ccd80000)
 Metaspace       used 67682K, committed 68736K, reserved 1114112K
  class space    used 6978K, committed 7424K, reserved 1048576K
}
Event: 35.462 GC heap before
{Heap before GC invocations=322 (full 17):
 PSYoungGen      total 15872K, used 10240K [0x00000000eab00000, 0x00000000ec000000, 0x0000000100000000)
  eden space 10240K, 100% used [0x00000000eab00000,0x00000000eb500000,0x00000000eb500000)
  from space 5632K, 0% used [0x00000000eb500000,0x00000000eb500000,0x00000000eba80000)
  to   space 5632K, 0% used [0x00000000eba80000,0x00000000eba80000,0x00000000ec000000)
 ParOldGen       total 210432K, used 174854K [0x00000000c0000000, 0x00000000ccd80000, 0x00000000eab00000)
  object space 210432K, 83% used [0x00000000c0000000,0x00000000caac19b8,0x00000000ccd80000)
 Metaspace       used 67709K, committed 68736K, reserved 1114112K
  class space    used 6979K, committed 7424K, reserved 1048576K
}
Event: 35.468 GC heap after
{Heap after GC invocations=322 (full 17):
 PSYoungGen      total 10752K, used 5600K [0x00000000eab00000, 0x00000000ecb80000, 0x0000000100000000)
  eden space 5120K, 0% used [0x00000000eab00000,0x00000000eab00000,0x00000000eb000000)
  from space 5632K, 99% used [0x00000000eba80000,0x00000000ebff83c0,0x00000000ec000000)
  to   space 10752K, 0% used [0x00000000eb000000,0x00000000eb000000,0x00000000eba80000)
 ParOldGen       total 210432K, used 178439K [0x00000000c0000000, 0x00000000ccd80000, 0x00000000eab00000)
  object space 210432K, 84% used [0x00000000c0000000,0x00000000cae41ff0,0x00000000ccd80000)
 Metaspace       used 67709K, committed 68736K, reserved 1114112K
  class space    used 6979K, committed 7424K, reserved 1048576K
}
Event: 35.786 GC heap before
{Heap before GC invocations=323 (full 17):
 PSYoungGen      total 10752K, used 10720K [0x00000000eab00000, 0x00000000ecb80000, 0x0000000100000000)
  eden space 5120K, 100% used [0x00000000eab00000,0x00000000eb000000,0x00000000eb000000)
  from space 5632K, 99% used [0x00000000eba80000,0x00000000ebff83c0,0x00000000ec000000)
  to   space 10752K, 0% used [0x00000000eb000000,0x00000000eb000000,0x00000000eba80000)
 ParOldGen       total 210432K, used 178439K [0x00000000c0000000, 0x00000000ccd80000, 0x00000000eab00000)
  object space 210432K, 84% used [0x00000000c0000000,0x00000000cae41ff0,0x00000000ccd80000)
 Metaspace       used 67709K, committed 68736K, reserved 1114112K
  class space    used 6979K, committed 7424K, reserved 1048576K
}
Event: 35.793 GC heap after
{Heap after GC invocations=323 (full 17):
 PSYoungGen      total 10752K, used 5156K [0x00000000eab00000, 0x00000000ebe00000, 0x0000000100000000)
  eden space 5120K, 0% used [0x00000000eab00000,0x00000000eab00000,0x00000000eb000000)
  from space 5632K, 91% used [0x00000000eb000000,0x00000000eb5093b0,0x00000000eb580000)
  to   space 6656K, 0% used [0x00000000eb780000,0x00000000eb780000,0x00000000ebe00000)
 ParOldGen       total 210432K, used 183023K [0x00000000c0000000, 0x00000000ccd80000, 0x00000000eab00000)
  object space 210432K, 86% used [0x00000000c0000000,0x00000000cb2bbee8,0x00000000ccd80000)
 Metaspace       used 67709K, committed 68736K, reserved 1114112K
  class space    used 6979K, committed 7424K, reserved 1048576K
}
Event: 35.963 GC heap before
{Heap before GC invocations=324 (full 17):
 PSYoungGen      total 10752K, used 10276K [0x00000000eab00000, 0x00000000ebe00000, 0x0000000100000000)
  eden space 5120K, 100% used [0x00000000eab00000,0x00000000eb000000,0x00000000eb000000)
  from space 5632K, 91% used [0x00000000eb000000,0x00000000eb5093b0,0x00000000eb580000)
  to   space 6656K, 0% used [0x00000000eb780000,0x00000000eb780000,0x00000000ebe00000)
 ParOldGen       total 210432K, used 183023K [0x00000000c0000000, 0x00000000ccd80000, 0x00000000eab00000)
  object space 210432K, 86% used [0x00000000c0000000,0x00000000cb2bbee8,0x00000000ccd80000)
 Metaspace       used 67789K, committed 68864K, reserved 1114112K
  class space    used 6984K, committed 7424K, reserved 1048576K
}
Event: 35.967 GC heap after
{Heap after GC invocations=324 (full 17):
 PSYoungGen      total 7680K, used 2061K [0x00000000eab00000, 0x00000000eba00000, 0x0000000100000000)
  eden space 5120K, 0% used [0x00000000eab00000,0x00000000eab00000,0x00000000eb000000)
  from space 2560K, 80% used [0x00000000eb780000,0x00000000eb9834f0,0x00000000eba00000)
  to   space 3584K, 0% used [0x00000000eb300000,0x00000000eb300000,0x00000000eb680000)
 ParOldGen       total 210432K, used 186671K [0x00000000c0000000, 0x00000000ccd80000, 0x00000000eab00000)
  object space 210432K, 88% used [0x00000000c0000000,0x00000000cb64bdc8,0x00000000ccd80000)
 Metaspace       used 67789K, committed 68864K, reserved 1114112K
  class space    used 6984K, committed 7424K, reserved 1048576K
}
Event: 36.089 GC heap before
{Heap before GC invocations=325 (full 17):
 PSYoungGen      total 7680K, used 7181K [0x00000000eab00000, 0x00000000eba00000, 0x0000000100000000)
  eden space 5120K, 100% used [0x00000000eab00000,0x00000000eb000000,0x00000000eb000000)
  from space 2560K, 80% used [0x00000000eb780000,0x00000000eb9834f0,0x00000000eba00000)
  to   space 3584K, 0% used [0x00000000eb300000,0x00000000eb300000,0x00000000eb680000)
 ParOldGen       total 210432K, used 186671K [0x00000000c0000000, 0x00000000ccd80000, 0x00000000eab00000)
  object space 210432K, 88% used [0x00000000c0000000,0x00000000cb64bdc8,0x00000000ccd80000)
 Metaspace       used 67821K, committed 68864K, reserved 1114112K
  class space    used 6984K, committed 7424K, reserved 1048576K
}
Event: 36.090 GC heap after
{Heap after GC invocations=325 (full 17):
 PSYoungGen      total 7680K, used 2376K [0x00000000eab00000, 0x00000000eb800000, 0x0000000100000000)
  eden space 5120K, 0% used [0x00000000eab00000,0x00000000eab00000,0x00000000eb000000)
  from space 2560K, 92% used [0x00000000eb300000,0x00000000eb552368,0x00000000eb580000)
  to   space 2560K, 0% used [0x00000000eb580000,0x00000000eb580000,0x00000000eb800000)
 ParOldGen       total 210432K, used 186671K [0x00000000c0000000, 0x00000000ccd80000, 0x00000000eab00000)
  object space 210432K, 88% used [0x00000000c0000000,0x00000000cb64bdc8,0x00000000ccd80000)
 Metaspace       used 67821K, committed 68864K, reserved 1114112K
  class space    used 6984K, committed 7424K, reserved 1048576K
}

